SF:lib\dart_extenso_numero.dart
DA:9,1
DA:10,1
DA:11,2
DA:14,1
DA:15,2
DA:18,1
DA:19,1
DA:60,1
DA:71,1
DA:72,1
DA:74,1
DA:79,1
DA:83,0
DA:86,0
DA:90,0
DA:96,0
DA:97,0
DA:99,1
DA:100,2
DA:101,1
DA:102,2
DA:106,1
DA:107,1
DA:108,2
DA:109,1
DA:113,1
DA:114,1
DA:115,2
DA:116,1
DA:117,2
DA:119,1
DA:123,1
LF:32
LH:27
end_of_record
SF:lib\dart_remover_acentos.dart
DA:5,3
DA:6,1
DA:11,1
DA:12,1
DA:13,1
DA:14,1
DA:15,1
DA:16,1
DA:17,1
DA:21,1
DA:26,1
DA:31,1
DA:32,1
DA:33,1
DA:38,1
DA:39,1
DA:44,1
DA:49,1
DA:54,1
DA:55,1
DA:60,1
DA:65,1
DA:66,1
DA:67,1
DA:71,1
DA:76,1
DA:77,1
DA:78,1
DA:83,1
DA:84,1
DA:85,1
DA:86,1
DA:87,1
DA:88,1
DA:92,1
DA:93,1
DA:98,1
DA:103,1
DA:108,1
DA:109,1
DA:114,1
DA:118,1
DA:119,1
DA:123,1
DA:124,1
DA:129,1
DA:134,1
DA:139,1
DA:140,1
DA:141,1
DA:142,1
DA:143,1
DA:144,1
DA:145,1
DA:149,1
DA:154,1
DA:159,1
DA:160,1
DA:165,1
DA:166,1
DA:171,1
DA:176,1
DA:177,1
DA:182,1
DA:183,1
DA:188,1
DA:193,1
DA:194,1
DA:198,1
DA:203,1
DA:204,1
DA:209,1
DA:210,1
DA:211,1
DA:212,1
DA:216,1
DA:217,1
DA:222,1
DA:227,1
DA:232,1
DA:233,1
DA:238,1
DA:242,1
DA:243,1
DA:248,1
DA:249,1
DA:254,1
DA:261,3
DA:263,3
DA:265,1
DA:266,2
DA:267,4
DA:268,3
DA:269,1
DA:270,2
DA:271,6
DA:276,3
DA:277,3
LF:98
LH:98
end_of_record
